C:\OOD\PROJECT3\P2PCOMMUNICATIONWITHCLASSCHANNEL\P2PCOMMUNICATION\MESSAGE\DEBUG\MESSAGE.OBJ
C:\OOD\PROJECT3\P2PCOMMUNICATIONWITHCLASSCHANNEL\P2PCOMMUNICATION\MESSAGE\DEBUG\XMLREADER.OBJ
C:\OOD\PROJECT3\P2PCOMMUNICATIONWITHCLASSCHANNEL\P2PCOMMUNICATION\MESSAGE\DEBUG\XMLWRITER.OBJ
C:\OOD\PROJECT3\P2PCOMMUNICATIONWITHCLASSCHANNEL\P2PCOMMUNICATION\MESSAGE\DEBUG\VC110.PDB
C:\OOD\PROJECT3\P2PCOMMUNICATIONWITHCLASSCHANNEL\P2PCOMMUNICATION\DEBUG\MESSAGE.ILK
C:\OOD\PROJECT3\P2PCOMMUNICATIONWITHCLASSCHANNEL\P2PCOMMUNICATION\DEBUG\MESSAGE.EXE
C:\OOD\PROJECT3\P2PCOMMUNICATIONWITHCLASSCHANNEL\P2PCOMMUNICATION\DEBUG\MESSAGE.PDB
C:\OOD\Project3\P2PCommunicationWithClassChannel\P2PCommunication\Message\Debug\Message.obj
C:\OOD\Project3\P2PCommunicationWithClassChannel\P2PCommunication\Message\Debug\XmlReader.obj
C:\OOD\Project3\P2PCommunicationWithClassChannel\P2PCommunication\Message\Debug\XmlWriter.obj
C:\OOD\Project3\P2PCommunicationWithClassChannel\P2PCommunication\Message\Debug\cl.command.1.tlog
C:\OOD\Project3\P2PCommunicationWithClassChannel\P2PCommunication\Message\Debug\CL.read.1.tlog
C:\OOD\Project3\P2PCommunicationWithClassChannel\P2PCommunication\Message\Debug\CL.write.1.tlog
C:\OOD\Project3\P2PCommunicationWithClassChannel\P2PCommunication\Message\Debug\link-cvtres.read.1.tlog
C:\OOD\Project3\P2PCommunicationWithClassChannel\P2PCommunication\Message\Debug\link-cvtres.write.1.tlog
C:\OOD\Project3\P2PCommunicationWithClassChannel\P2PCommunication\Message\Debug\link-rc.read.1.tlog
C:\OOD\Project3\P2PCommunicationWithClassChannel\P2PCommunication\Message\Debug\link-rc.write.1.tlog
C:\OOD\Project3\P2PCommunicationWithClassChannel\P2PCommunication\Message\Debug\link.command.1.tlog
C:\OOD\Project3\P2PCommunicationWithClassChannel\P2PCommunication\Message\Debug\link.read.1.tlog
C:\OOD\Project3\P2PCommunicationWithClassChannel\P2PCommunication\Message\Debug\link.write.1.tlog
C:\OOD\Project3\P2PCommunicationWithClassChannel\P2PCommunication\Message\Debug\vc110.idb
C:\OOD\Project3\P2PCommunicationWithClassChannel\P2PCommunication\Message\Debug\vc110.pdb
