C:\OOD\PROJECT3\P2PCOMMUNICATIONWITHCLASSCHANNEL\P2PCOMMUNICATION\MY_RECEIVERAPP1\DEBUG\BASE64.OBJ
C:\OOD\PROJECT3\P2PCOMMUNICATIONWITHCLASSCHANNEL\P2PCOMMUNICATION\MY_RECEIVERAPP1\DEBUG\COMM.OBJ
C:\OOD\PROJECT3\P2PCOMMUNICATIONWITHCLASSCHANNEL\P2PCOMMUNICATION\MY_RECEIVERAPP1\DEBUG\RECEIVERAPP.OBJ
C:\OOD\PROJECT3\P2PCOMMUNICATIONWITHCLASSCHANNEL\P2PCOMMUNICATION\MY_RECEIVERAPP1\DEBUG\VC110.PDB
C:\OOD\PROJECT3\P2PCOMMUNICATIONWITHCLASSCHANNEL\P2PCOMMUNICATION\DEBUG\MY_RECEIVERAPP1.ILK
C:\OOD\PROJECT3\P2PCOMMUNICATIONWITHCLASSCHANNEL\P2PCOMMUNICATION\DEBUG\MY_RECEIVERAPP1.EXE
C:\OOD\PROJECT3\P2PCOMMUNICATIONWITHCLASSCHANNEL\P2PCOMMUNICATION\DEBUG\MY_RECEIVERAPP1.PDB
C:\OOD\Project3\P2PCommunicationWithClassChannel\P2PCommunication\My_ReceiverApp1\Debug\Base64.obj
C:\OOD\Project3\P2PCommunicationWithClassChannel\P2PCommunication\My_ReceiverApp1\Debug\Comm.obj
C:\OOD\Project3\P2PCommunicationWithClassChannel\P2PCommunication\My_ReceiverApp1\Debug\ReceiverApp.obj
C:\OOD\Project3\P2PCommunicationWithClassChannel\P2PCommunication\My_ReceiverApp1\Debug\cl.command.1.tlog
C:\OOD\Project3\P2PCommunicationWithClassChannel\P2PCommunication\My_ReceiverApp1\Debug\CL.read.1.tlog
C:\OOD\Project3\P2PCommunicationWithClassChannel\P2PCommunication\My_ReceiverApp1\Debug\CL.write.1.tlog
C:\OOD\Project3\P2PCommunicationWithClassChannel\P2PCommunication\My_ReceiverApp1\Debug\link-cvtres.read.1.tlog
C:\OOD\Project3\P2PCommunicationWithClassChannel\P2PCommunication\My_ReceiverApp1\Debug\link-cvtres.write.1.tlog
C:\OOD\Project3\P2PCommunicationWithClassChannel\P2PCommunication\My_ReceiverApp1\Debug\link-rc.read.1.tlog
C:\OOD\Project3\P2PCommunicationWithClassChannel\P2PCommunication\My_ReceiverApp1\Debug\link-rc.write.1.tlog
C:\OOD\Project3\P2PCommunicationWithClassChannel\P2PCommunication\My_ReceiverApp1\Debug\link.command.1.tlog
C:\OOD\Project3\P2PCommunicationWithClassChannel\P2PCommunication\My_ReceiverApp1\Debug\link.read.1.tlog
C:\OOD\Project3\P2PCommunicationWithClassChannel\P2PCommunication\My_ReceiverApp1\Debug\link.write.1.tlog
C:\OOD\Project3\P2PCommunicationWithClassChannel\P2PCommunication\My_ReceiverApp1\Debug\vc110.idb
C:\OOD\Project3\P2PCommunicationWithClassChannel\P2PCommunication\My_ReceiverApp1\Debug\vc110.pdb
