C:\OOD\PROJECT3\P2PCOMMUNICATIONWITHCLASSCHANNEL\P2PCOMMUNICATION\FILEMANAGEMENT\DEBUG\FILEMANAGEMENT.OBJ
C:\OOD\PROJECT3\P2PCOMMUNICATIONWITHCLASSCHANNEL\P2PCOMMUNICATION\FILEMANAGEMENT\DEBUG\FILESYSTEM.OBJ
C:\OOD\PROJECT3\P2PCOMMUNICATIONWITHCLASSCHANNEL\P2PCOMMUNICATION\FILEMANAGEMENT\DEBUG\VC110.PDB
C:\OOD\PROJECT3\P2PCOMMUNICATIONWITHCLASSCHANNEL\P2PCOMMUNICATION\DEBUG\FILEMANAGEMENT.ILK
C:\OOD\PROJECT3\P2PCOMMUNICATIONWITHCLASSCHANNEL\P2PCOMMUNICATION\DEBUG\FILEMANAGEMENT.EXE
C:\OOD\PROJECT3\P2PCOMMUNICATIONWITHCLASSCHANNEL\P2PCOMMUNICATION\DEBUG\FILEMANAGEMENT.PDB
C:\OOD\Project3\P2PCommunicationWithClassChannel\P2PCommunication\FileManagement\Debug\FileManagement.obj
C:\OOD\Project3\P2PCommunicationWithClassChannel\P2PCommunication\FileManagement\Debug\FileSystem.obj
C:\OOD\Project3\P2PCommunicationWithClassChannel\P2PCommunication\FileManagement\Debug\cl.command.1.tlog
C:\OOD\Project3\P2PCommunicationWithClassChannel\P2PCommunication\FileManagement\Debug\CL.read.1.tlog
C:\OOD\Project3\P2PCommunicationWithClassChannel\P2PCommunication\FileManagement\Debug\CL.write.1.tlog
C:\OOD\Project3\P2PCommunicationWithClassChannel\P2PCommunication\FileManagement\Debug\link-cvtres.read.1.tlog
C:\OOD\Project3\P2PCommunicationWithClassChannel\P2PCommunication\FileManagement\Debug\link-cvtres.write.1.tlog
C:\OOD\Project3\P2PCommunicationWithClassChannel\P2PCommunication\FileManagement\Debug\link-rc.read.1.tlog
C:\OOD\Project3\P2PCommunicationWithClassChannel\P2PCommunication\FileManagement\Debug\link-rc.write.1.tlog
C:\OOD\Project3\P2PCommunicationWithClassChannel\P2PCommunication\FileManagement\Debug\link.command.1.tlog
C:\OOD\Project3\P2PCommunicationWithClassChannel\P2PCommunication\FileManagement\Debug\link.read.1.tlog
C:\OOD\Project3\P2PCommunicationWithClassChannel\P2PCommunication\FileManagement\Debug\link.write.1.tlog
C:\OOD\Project3\P2PCommunicationWithClassChannel\P2PCommunication\FileManagement\Debug\vc110.idb
C:\OOD\Project3\P2PCommunicationWithClassChannel\P2PCommunication\FileManagement\Debug\vc110.pdb
