C:\OOD\PROJECT3\P2PCOMMUNICATIONWITHCLASSCHANNEL\P2PCOMMUNICATION\P2PCOMMUNICATION\DEBUG\BLOCKINGQUEUE.OBJ
C:\OOD\PROJECT3\P2PCOMMUNICATIONWITHCLASSCHANNEL\P2PCOMMUNICATION\P2PCOMMUNICATION\DEBUG\CHUNKER.OBJ
C:\OOD\PROJECT3\P2PCOMMUNICATIONWITHCLASSCHANNEL\P2PCOMMUNICATION\P2PCOMMUNICATION\DEBUG\FILEMANAGEMENT.OBJ
C:\OOD\PROJECT3\P2PCOMMUNICATIONWITHCLASSCHANNEL\P2PCOMMUNICATION\P2PCOMMUNICATION\DEBUG\FILESYSTEM.OBJ
C:\OOD\PROJECT3\P2PCOMMUNICATIONWITHCLASSCHANNEL\P2PCOMMUNICATION\P2PCOMMUNICATION\DEBUG\MESSAGE.OBJ
C:\OOD\PROJECT3\P2PCOMMUNICATIONWITHCLASSCHANNEL\P2PCOMMUNICATION\P2PCOMMUNICATION\DEBUG\XMLREADER.OBJ
C:\OOD\PROJECT3\P2PCOMMUNICATIONWITHCLASSCHANNEL\P2PCOMMUNICATION\P2PCOMMUNICATION\DEBUG\XMLWRITER.OBJ
C:\OOD\PROJECT3\P2PCOMMUNICATIONWITHCLASSCHANNEL\P2PCOMMUNICATION\P2PCOMMUNICATION\DEBUG\SOCKETS.OBJ
C:\OOD\PROJECT3\P2PCOMMUNICATIONWITHCLASSCHANNEL\P2PCOMMUNICATION\P2PCOMMUNICATION\DEBUG\LOCKS.OBJ
C:\OOD\PROJECT3\P2PCOMMUNICATIONWITHCLASSCHANNEL\P2PCOMMUNICATION\P2PCOMMUNICATION\DEBUG\COMM.OBJ
C:\OOD\PROJECT3\P2PCOMMUNICATIONWITHCLASSCHANNEL\P2PCOMMUNICATION\P2PCOMMUNICATION\DEBUG\VC110.PDB
C:\OOD\PROJECT3\P2PCOMMUNICATIONWITHCLASSCHANNEL\P2PCOMMUNICATION\DEBUG\P2PCOMMUNICATION.LIB
C:\OOD\Project3\P2PCommunicationWithClassChannel\P2PCommunication\P2PCommunication\Debug\BlockingQueue.obj
C:\OOD\Project3\P2PCommunicationWithClassChannel\P2PCommunication\P2PCommunication\Debug\Chunker.obj
C:\OOD\Project3\P2PCommunicationWithClassChannel\P2PCommunication\P2PCommunication\Debug\Comm.obj
C:\OOD\Project3\P2PCommunicationWithClassChannel\P2PCommunication\P2PCommunication\Debug\FileManagement.obj
C:\OOD\Project3\P2PCommunicationWithClassChannel\P2PCommunication\P2PCommunication\Debug\FileSystem.obj
C:\OOD\Project3\P2PCommunicationWithClassChannel\P2PCommunication\P2PCommunication\Debug\locks.obj
C:\OOD\Project3\P2PCommunicationWithClassChannel\P2PCommunication\P2PCommunication\Debug\Message.obj
C:\OOD\Project3\P2PCommunicationWithClassChannel\P2PCommunication\P2PCommunication\Debug\Sockets.obj
C:\OOD\Project3\P2PCommunicationWithClassChannel\P2PCommunication\P2PCommunication\Debug\XmlReader.obj
C:\OOD\Project3\P2PCommunicationWithClassChannel\P2PCommunication\P2PCommunication\Debug\XmlWriter.obj
C:\OOD\Project3\P2PCommunicationWithClassChannel\P2PCommunication\P2PCommunication\Debug\cl.command.1.tlog
C:\OOD\Project3\P2PCommunicationWithClassChannel\P2PCommunication\P2PCommunication\Debug\CL.read.1.tlog
C:\OOD\Project3\P2PCommunicationWithClassChannel\P2PCommunication\P2PCommunication\Debug\CL.write.1.tlog
C:\OOD\Project3\P2PCommunicationWithClassChannel\P2PCommunication\P2PCommunication\Debug\Lib-link.read.1.tlog
C:\OOD\Project3\P2PCommunicationWithClassChannel\P2PCommunication\P2PCommunication\Debug\Lib-link.write.1.tlog
C:\OOD\Project3\P2PCommunicationWithClassChannel\P2PCommunication\P2PCommunication\Debug\lib.command.1.tlog
C:\OOD\Project3\P2PCommunicationWithClassChannel\P2PCommunication\P2PCommunication\Debug\vc110.idb
C:\OOD\Project3\P2PCommunicationWithClassChannel\P2PCommunication\P2PCommunication\Debug\vc110.pdb
C:\OOD\Project3\P2PCommunicationWithClassChannel\P2PCommunication\Debug\P2PCommunication.lib
