C:\OOD\PROJECT3\P2PCOMMUNICATIONWITHCLASSCHANNEL\P2PCOMMUNICATION\MY_SENDERAPP2\DEBUG\BASE64.OBJ
C:\OOD\PROJECT3\P2PCOMMUNICATIONWITHCLASSCHANNEL\P2PCOMMUNICATION\MY_SENDERAPP2\DEBUG\BLOCKINGQUEUE.OBJ
C:\OOD\PROJECT3\P2PCOMMUNICATIONWITHCLASSCHANNEL\P2PCOMMUNICATION\MY_SENDERAPP2\DEBUG\SENDERAPP2.OBJ
C:\OOD\PROJECT3\P2PCOMMUNICATIONWITHCLASSCHANNEL\P2PCOMMUNICATION\MY_SENDERAPP2\DEBUG\VC110.PDB
C:\OOD\PROJECT3\P2PCOMMUNICATIONWITHCLASSCHANNEL\P2PCOMMUNICATION\DEBUG\MY_SENDERAPP2.ILK
C:\OOD\PROJECT3\P2PCOMMUNICATIONWITHCLASSCHANNEL\P2PCOMMUNICATION\DEBUG\MY_SENDERAPP2.EXE
C:\OOD\PROJECT3\P2PCOMMUNICATIONWITHCLASSCHANNEL\P2PCOMMUNICATION\DEBUG\MY_SENDERAPP2.PDB
C:\OOD\Project3\P2PCommunicationWithClassChannel\P2PCommunication\My_SenderApp2\Debug\Base64.obj
C:\OOD\Project3\P2PCommunicationWithClassChannel\P2PCommunication\My_SenderApp2\Debug\BlockingQueue.obj
C:\OOD\Project3\P2PCommunicationWithClassChannel\P2PCommunication\My_SenderApp2\Debug\SenderApp2.obj
C:\OOD\Project3\P2PCommunicationWithClassChannel\P2PCommunication\My_SenderApp2\Debug\cl.command.1.tlog
C:\OOD\Project3\P2PCommunicationWithClassChannel\P2PCommunication\My_SenderApp2\Debug\CL.read.1.tlog
C:\OOD\Project3\P2PCommunicationWithClassChannel\P2PCommunication\My_SenderApp2\Debug\CL.write.1.tlog
C:\OOD\Project3\P2PCommunicationWithClassChannel\P2PCommunication\My_SenderApp2\Debug\link-cvtres.read.1.tlog
C:\OOD\Project3\P2PCommunicationWithClassChannel\P2PCommunication\My_SenderApp2\Debug\link-cvtres.write.1.tlog
C:\OOD\Project3\P2PCommunicationWithClassChannel\P2PCommunication\My_SenderApp2\Debug\link-rc.read.1.tlog
C:\OOD\Project3\P2PCommunicationWithClassChannel\P2PCommunication\My_SenderApp2\Debug\link-rc.write.1.tlog
C:\OOD\Project3\P2PCommunicationWithClassChannel\P2PCommunication\My_SenderApp2\Debug\link.command.1.tlog
C:\OOD\Project3\P2PCommunicationWithClassChannel\P2PCommunication\My_SenderApp2\Debug\link.read.1.tlog
C:\OOD\Project3\P2PCommunicationWithClassChannel\P2PCommunication\My_SenderApp2\Debug\link.write.1.tlog
C:\OOD\Project3\P2PCommunicationWithClassChannel\P2PCommunication\My_SenderApp2\Debug\vc110.idb
C:\OOD\Project3\P2PCommunicationWithClassChannel\P2PCommunication\My_SenderApp2\Debug\vc110.pdb
