C:\OOD\PROJECT3\P2PCOMMUNICATIONWITHCLASSCHANNEL\P2PCOMMUNICATION\MY_RECEIVERAPP2\DEBUG\BASE64.OBJ
C:\OOD\PROJECT3\P2PCOMMUNICATIONWITHCLASSCHANNEL\P2PCOMMUNICATION\MY_RECEIVERAPP2\DEBUG\COMM.OBJ
C:\OOD\PROJECT3\P2PCOMMUNICATIONWITHCLASSCHANNEL\P2PCOMMUNICATION\MY_RECEIVERAPP2\DEBUG\RECEIVERAPP2.OBJ
C:\OOD\PROJECT3\P2PCOMMUNICATIONWITHCLASSCHANNEL\P2PCOMMUNICATION\MY_RECEIVERAPP2\DEBUG\VC110.PDB
C:\OOD\PROJECT3\P2PCOMMUNICATIONWITHCLASSCHANNEL\P2PCOMMUNICATION\DEBUG\MY_RECEIVERAPP2.ILK
C:\OOD\PROJECT3\P2PCOMMUNICATIONWITHCLASSCHANNEL\P2PCOMMUNICATION\DEBUG\MY_RECEIVERAPP2.EXE
C:\OOD\PROJECT3\P2PCOMMUNICATIONWITHCLASSCHANNEL\P2PCOMMUNICATION\DEBUG\MY_RECEIVERAPP2.PDB
C:\OOD\Project3\P2PCommunicationWithClassChannel\P2PCommunication\My_ReceiverApp2\Debug\Base64.obj
C:\OOD\Project3\P2PCommunicationWithClassChannel\P2PCommunication\My_ReceiverApp2\Debug\Comm.obj
C:\OOD\Project3\P2PCommunicationWithClassChannel\P2PCommunication\My_ReceiverApp2\Debug\ReceiverApp2.obj
C:\OOD\Project3\P2PCommunicationWithClassChannel\P2PCommunication\My_ReceiverApp2\Debug\cl.command.1.tlog
C:\OOD\Project3\P2PCommunicationWithClassChannel\P2PCommunication\My_ReceiverApp2\Debug\CL.read.1.tlog
C:\OOD\Project3\P2PCommunicationWithClassChannel\P2PCommunication\My_ReceiverApp2\Debug\CL.write.1.tlog
C:\OOD\Project3\P2PCommunicationWithClassChannel\P2PCommunication\My_ReceiverApp2\Debug\link-cvtres.read.1.tlog
C:\OOD\Project3\P2PCommunicationWithClassChannel\P2PCommunication\My_ReceiverApp2\Debug\link-cvtres.write.1.tlog
C:\OOD\Project3\P2PCommunicationWithClassChannel\P2PCommunication\My_ReceiverApp2\Debug\link-rc.read.1.tlog
C:\OOD\Project3\P2PCommunicationWithClassChannel\P2PCommunication\My_ReceiverApp2\Debug\link-rc.write.1.tlog
C:\OOD\Project3\P2PCommunicationWithClassChannel\P2PCommunication\My_ReceiverApp2\Debug\link.command.1.tlog
C:\OOD\Project3\P2PCommunicationWithClassChannel\P2PCommunication\My_ReceiverApp2\Debug\link.read.1.tlog
C:\OOD\Project3\P2PCommunicationWithClassChannel\P2PCommunication\My_ReceiverApp2\Debug\link.write.1.tlog
C:\OOD\Project3\P2PCommunicationWithClassChannel\P2PCommunication\My_ReceiverApp2\Debug\vc110.idb
C:\OOD\Project3\P2PCommunicationWithClassChannel\P2PCommunication\My_ReceiverApp2\Debug\vc110.pdb
